<?xml version="1.0" encoding="UTF-8"?>
<testsuite xmlns:xsi="http://www.w3.org/2001/XMLSchema-instance" xsi:noNamespaceSchemaLocation="https://maven.apache.org/surefire/maven-surefire-plugin/xsd/surefire-test-report-3.0.xsd" version="3.0" name="hellocucumber.RunCucumberTest" time="37.872" tests="2" errors="0" skipped="0" failures="0">
  <properties>
[...]
</properties>
  <testcase name="Test Student Trys To Comment on a Forum that doesn&apos;t exist" classname="ForumOps" time="18.093">
    <system-out><![CDATA[
Scenario: Test Student Trys To Comment on a Forum that doesn't exist &amp#27;[90m# hellocucumber/Moodle.feature:3&amp#27;[0m
--------------- INITIALIZING Teacher Moodle - OPENING WEBPAGE ---------------
Driver setup finished for - Moodle
--------------- INITIALIZING Student Moodle - OPENING WEBPAGE ---------------
Driver setup finished for - Moodle
  &amp#27;[32mGiven &amp#27;[0m&amp#27;[32ma student is in homepage&amp#27;[0m                                     &amp#27;[90m# hellocucumber.StepDefinitions.aStudentIsInHomepage()&amp#27;[0m
  &amp#27;[32mWhen &amp#27;[0m&amp#27;[32mstudent navigates to login page&amp#27;[0m                               &amp#27;[90m# hellocucumber.StepDefinitions.studentNavigatesToLoginPage()&amp#27;[0m
  &amp#27;[32mAnd &amp#27;[0m&amp#27;[32mstudent enters username and password&amp#27;[0m                           &amp#27;[90m# hellocucumber.StepDefinitions.studentEntersUsernameAndPassword()&amp#27;[0m
  &amp#27;[32mAnd &amp#27;[0m&amp#27;[32mWelcome back message is displayed&amp#27;[0m                              &amp#27;[90m# hellocucumber.StepDefinitions.welcomeBackMessageIsDisplayed()&amp#27;[0m
--------------- INITIALIZING Teacher Moodle - OPENING WEBPAGE ---------------
Driver setup finished for - Moodle
  &amp#27;[32mAnd &amp#27;[0m&amp#27;[32mTeacher logs in as-well&amp#27;[0m                                        &amp#27;[90m# hellocucumber.StepDefinitions.teacherLogsInAsWell()&amp#27;[0m
  &amp#27;[32mAnd &amp#27;[0m&amp#27;[32mstudent navigates to MyCourses&amp#27;[0m                                 &amp#27;[90m# hellocucumber.StepDefinitions.studentNavigatesToMyCourses()&amp#27;[0m
  &amp#27;[32mAnd &amp#27;[0m&amp#27;[32mteacher navigates to courses&amp#27;[0m                                   &amp#27;[90m# hellocucumber.StepDefinitions.teacherNavigatesToCourses()&amp#27;[0m
  &amp#27;[32mAnd &amp#27;[0m&amp#27;[32mteacher enters course&amp#27;[0m                                          &amp#27;[90m# hellocucumber.StepDefinitions.teacherEntersCourse()&amp#27;[0m
  &amp#27;[32mAnd &amp#27;[0m&amp#27;[32mteacher deletes forum&amp#27;[0m                                          &amp#27;[90m# hellocucumber.StepDefinitions.teacherDeletesForum()&amp#27;[0m
  &amp#27;[32mAnd &amp#27;[0m&amp#27;[32mstudent enters course&amp#27;[0m                                          &amp#27;[90m# hellocucumber.StepDefinitions.studentEntersCourse()&amp#27;[0m
  &amp#27;[32mAnd &amp#27;[0m&amp#27;[32mStudent trys to adds a comment on a forum&amp#27;[0m                      &amp#27;[90m# hellocucumber.StepDefinitions.studentTrysToAddsACommentOnAForum()&amp#27;[0m
  &amp#27;[32mThen &amp#27;[0m&amp#27;[32mForum doesnt exist&amp#27;[0m                                            &amp#27;[90m# hellocucumber.StepDefinitions.forumDoesntExist()&amp#27;[0m
]]></system-out>
    <system-err><![CDATA[SLF4J: Failed to load class "org.slf4j.impl.StaticLoggerBinder".
SLF4J: Defaulting to no-operation (NOP) logger implementation
SLF4J: See http://www.slf4j.org/codes.html#StaticLoggerBinder for further details.
Starting Microsoft Edge WebDriver 108.0.1462.54 (c2998c8c661724d797c22f48cf555a2bef5029ee) on port 57280
To submit feedback, report a bug, or suggest new features, please visit https://github.com/MicrosoftEdge/EdgeWebDriver

Only local connections are allowed.
Please see https://aka.ms/WebDriverSecurity for suggestions on keeping Microsoft Edge WebDriver safe.

Microsoft Edge WebDriver was started successfully.
[1673875216.569][WARNING]: This version of Microsoft Edge WebDriver has not been tested with Microsoft Edge version 109.
ינו׳ 16, 2023 3:20:16 אחה״צ org.openqa.selenium.remote.ProtocolHandshake createSession
INFO: Detected upstream dialect: W3C
ינו׳ 16, 2023 3:20:16 אחה״צ org.openqa.selenium.devtools.CdpVersionFinder findNearestMatch
WARNING: Unable to find an exact match for CDP version 109, so returning the closest version found: a no-op implementation
ינו׳ 16, 2023 3:20:16 אחה״צ org.openqa.selenium.devtools.CdpVersionFinder findNearestMatch
INFO: Unable to find CDP implementation matching 109.
ינו׳ 16, 2023 3:20:16 אחה״צ org.openqa.selenium.chromium.ChromiumDriver lambda$new$3
WARNING: Unable to find version of CDP to use for . You may need to include a dependency on a specific version of the CDP using something similar to `org.seleniumhq.selenium:selenium-devtools-v86:4.3.0` where the version ("v86") matches the version of the chromium-based browser you're using and the version number of the artifact is the same as Selenium's.
Starting Microsoft Edge WebDriver 108.0.1462.54 (c2998c8c661724d797c22f48cf555a2bef5029ee) on port 58303
To submit feedback, report a bug, or suggest new features, please visit https://github.com/MicrosoftEdge/EdgeWebDriver

Only local connections are allowed.
Please see https://aka.ms/WebDriverSecurity for suggestions on keeping Microsoft Edge WebDriver safe.

Microsoft Edge WebDriver was started successfully.
[1673875223.901][WARNING]: This version of Microsoft Edge WebDriver has not been tested with Microsoft Edge version 109.
ינו׳ 16, 2023 3:20:23 אחה״צ org.openqa.selenium.remote.ProtocolHandshake createSession
INFO: Detected upstream dialect: W3C
ינו׳ 16, 2023 3:20:23 אחה״צ org.openqa.selenium.devtools.CdpVersionFinder findNearestMatch
WARNING: Unable to find an exact match for CDP version 109, so returning the closest version found: a no-op implementation
ינו׳ 16, 2023 3:20:23 אחה״צ org.openqa.selenium.devtools.CdpVersionFinder findNearestMatch
INFO: Unable to find CDP implementation matching 109.
ינו׳ 16, 2023 3:20:23 אחה״צ org.openqa.selenium.chromium.ChromiumDriver lambda$new$3
WARNING: Unable to find version of CDP to use for . You may need to include a dependency on a specific version of the CDP using something similar to `org.seleniumhq.selenium:selenium-devtools-v86:4.3.0` where the version ("v86") matches the version of the chromium-based browser you're using and the version number of the artifact is the same as Selenium's.
Starting Microsoft Edge WebDriver 108.0.1462.54 (c2998c8c661724d797c22f48cf555a2bef5029ee) on port 56480
To submit feedback, report a bug, or suggest new features, please visit https://github.com/MicrosoftEdge/EdgeWebDriver

Only local connections are allowed.
Please see https://aka.ms/WebDriverSecurity for suggestions on keeping Microsoft Edge WebDriver safe.

Microsoft Edge WebDriver was started successfully.
[1673875227.730][WARNING]: This version of Microsoft Edge WebDriver has not been tested with Microsoft Edge version 109.
ינו׳ 16, 2023 3:20:27 אחה״צ org.openqa.selenium.remote.ProtocolHandshake createSession
INFO: Detected upstream dialect: W3C
ינו׳ 16, 2023 3:20:27 אחה״צ org.openqa.selenium.devtools.CdpVersionFinder findNearestMatch
WARNING: Unable to find an exact match for CDP version 109, so returning the closest version found: a no-op implementation
ינו׳ 16, 2023 3:20:27 אחה״צ org.openqa.selenium.devtools.CdpVersionFinder findNearestMatch
INFO: Unable to find CDP implementation matching 109.
ינו׳ 16, 2023 3:20:27 אחה״צ org.openqa.selenium.chromium.ChromiumDriver lambda$new$3
WARNING: Unable to find version of CDP to use for . You may need to include a dependency on a specific version of the CDP using something similar to `org.seleniumhq.selenium:selenium-devtools-v86:4.3.0` where the version ("v86") matches the version of the chromium-based browser you're using and the version number of the artifact is the same as Selenium's.
]]></system-err>
  </testcase>
  <testcase name="Test Teacher deletes a forum After Student Comments" classname="ForumOps" time="19.64">
    <system-out><![CDATA[
Scenario: Test Teacher deletes a forum After Student Comments &amp#27;[90m# hellocucumber/Moodle.feature:17&amp#27;[0m
--------------- INITIALIZING Teacher Moodle - OPENING WEBPAGE ---------------
Driver setup finished for - Moodle
--------------- INITIALIZING Teacher Moodle - OPENING WEBPAGE ---------------
Driver setup finished for - Moodle
  &amp#27;[32mGiven &amp#27;[0m&amp#27;[32ma teacher is in homepage&amp#27;[0m                              &amp#27;[90m# hellocucumber.StepDefinitions.aTeacherIsInHomepage()&amp#27;[0m
  &amp#27;[32mWhen &amp#27;[0m&amp#27;[32mteacher navigates to login page&amp#27;[0m                        &amp#27;[90m# hellocucumber.StepDefinitions.teacherNavigatesToLoginPage()&amp#27;[0m
  &amp#27;[32mAnd &amp#27;[0m&amp#27;[32mteacher enters username and password&amp#27;[0m                    &amp#27;[90m# hellocucumber.StepDefinitions.teacherEntersUsernameAndPassword()&amp#27;[0m
  &amp#27;[32mAnd &amp#27;[0m&amp#27;[32mWelcome back message is displayed for teacher&amp#27;[0m           &amp#27;[90m# hellocucumber.StepDefinitions.welcomeBackMessageIsDisplayedForTeacher()&amp#27;[0m
--------------- INITIALIZING Student Moodle - OPENING WEBPAGE ---------------
Driver setup finished for - Moodle
  &amp#27;[32mAnd &amp#27;[0m&amp#27;[32mStudent logs in as-well&amp#27;[0m                                 &amp#27;[90m# hellocucumber.StepDefinitions.studentLogsInAsWell()&amp#27;[0m
  &amp#27;[32mAnd &amp#27;[0m&amp#27;[32mstudent navigates to MyCourses&amp#27;[0m                          &amp#27;[90m# hellocucumber.StepDefinitions.studentNavigatesToMyCourses()&amp#27;[0m
  &amp#27;[32mAnd &amp#27;[0m&amp#27;[32mstudent enters course&amp#27;[0m                                   &amp#27;[90m# hellocucumber.StepDefinitions.studentEntersCourse()&amp#27;[0m
  &amp#27;[32mAnd &amp#27;[0m&amp#27;[32mteacher navigates to courses&amp#27;[0m                            &amp#27;[90m# hellocucumber.StepDefinitions.teacherNavigatesToCourses()&amp#27;[0m
  &amp#27;[32mAnd &amp#27;[0m&amp#27;[32mteacher enters course&amp#27;[0m                                   &amp#27;[90m# hellocucumber.StepDefinitions.teacherEntersCourse()&amp#27;[0m
  &amp#27;[32mAnd &amp#27;[0m&amp#27;[32mstudent adds a comment on a forum&amp#27;[0m                       &amp#27;[90m# hellocucumber.StepDefinitions.studentAddsACommentOnAForum()&amp#27;[0m
  &amp#27;[32mAnd &amp#27;[0m&amp#27;[32mcomment exists&amp#27;[0m                                          &amp#27;[90m# hellocucumber.StepDefinitions.commentExists()&amp#27;[0m
  &amp#27;[32mAnd &amp#27;[0m&amp#27;[32mteacher deletes forum&amp#27;[0m                                   &amp#27;[90m# hellocucumber.StepDefinitions.teacherDeletesForum()&amp#27;[0m
  &amp#27;[32mThen &amp#27;[0m&amp#27;[32mforum no longer appears&amp#27;[0m                                &amp#27;[90m# hellocucumber.StepDefinitions.forumNoLongerAppears()&amp#27;[0m
]]></system-out>
    <system-err><![CDATA[Starting Microsoft Edge WebDriver 108.0.1462.54 (c2998c8c661724d797c22f48cf555a2bef5029ee) on port 62595
To submit feedback, report a bug, or suggest new features, please visit https://github.com/MicrosoftEdge/EdgeWebDriver

Only local connections are allowed.
Please see https://aka.ms/WebDriverSecurity for suggestions on keeping Microsoft Edge WebDriver safe.

Microsoft Edge WebDriver was started successfully.
[1673875234.201][WARNING]: This version of Microsoft Edge WebDriver has not been tested with Microsoft Edge version 109.
ינו׳ 16, 2023 3:20:34 אחה״צ org.openqa.selenium.remote.ProtocolHandshake createSession
INFO: Detected upstream dialect: W3C
ינו׳ 16, 2023 3:20:34 אחה״צ org.openqa.selenium.devtools.CdpVersionFinder findNearestMatch
WARNING: Unable to find an exact match for CDP version 109, so returning the closest version found: a no-op implementation
ינו׳ 16, 2023 3:20:34 אחה״צ org.openqa.selenium.devtools.CdpVersionFinder findNearestMatch
INFO: Unable to find CDP implementation matching 109.
ינו׳ 16, 2023 3:20:34 אחה״צ org.openqa.selenium.chromium.ChromiumDriver lambda$new$3
WARNING: Unable to find version of CDP to use for . You may need to include a dependency on a specific version of the CDP using something similar to `org.seleniumhq.selenium:selenium-devtools-v86:4.3.0` where the version ("v86") matches the version of the chromium-based browser you're using and the version number of the artifact is the same as Selenium's.
Starting Microsoft Edge WebDriver 108.0.1462.54 (c2998c8c661724d797c22f48cf555a2bef5029ee) on port 59858
To submit feedback, report a bug, or suggest new features, please visit https://github.com/MicrosoftEdge/EdgeWebDriver

Only local connections are allowed.
Please see https://aka.ms/WebDriverSecurity for suggestions on keeping Microsoft Edge WebDriver safe.

Microsoft Edge WebDriver was started successfully.
[1673875241.365][WARNING]: This version of Microsoft Edge WebDriver has not been tested with Microsoft Edge version 109.
ינו׳ 16, 2023 3:20:41 אחה״צ org.openqa.selenium.remote.ProtocolHandshake createSession
INFO: Detected upstream dialect: W3C
ינו׳ 16, 2023 3:20:41 אחה״צ org.openqa.selenium.devtools.CdpVersionFinder findNearestMatch
WARNING: Unable to find an exact match for CDP version 109, so returning the closest version found: a no-op implementation
ינו׳ 16, 2023 3:20:41 אחה״צ org.openqa.selenium.devtools.CdpVersionFinder findNearestMatch
INFO: Unable to find CDP implementation matching 109.
ינו׳ 16, 2023 3:20:41 אחה״צ org.openqa.selenium.chromium.ChromiumDriver lambda$new$3
WARNING: Unable to find version of CDP to use for . You may need to include a dependency on a specific version of the CDP using something similar to `org.seleniumhq.selenium:selenium-devtools-v86:4.3.0` where the version ("v86") matches the version of the chromium-based browser you're using and the version number of the artifact is the same as Selenium's.
Starting Microsoft Edge WebDriver 108.0.1462.54 (c2998c8c661724d797c22f48cf555a2bef5029ee) on port 55524
To submit feedback, report a bug, or suggest new features, please visit https://github.com/MicrosoftEdge/EdgeWebDriver

Only local connections are allowed.
Please see https://aka.ms/WebDriverSecurity for suggestions on keeping Microsoft Edge WebDriver safe.

Microsoft Edge WebDriver was started successfully.
[1673875245.058][WARNING]: This version of Microsoft Edge WebDriver has not been tested with Microsoft Edge version 109.
ינו׳ 16, 2023 3:20:45 אחה״צ org.openqa.selenium.remote.ProtocolHandshake createSession
INFO: Detected upstream dialect: W3C
ינו׳ 16, 2023 3:20:45 אחה״צ org.openqa.selenium.devtools.CdpVersionFinder findNearestMatch
WARNING: Unable to find an exact match for CDP version 109, so returning the closest version found: a no-op implementation
ינו׳ 16, 2023 3:20:45 אחה״צ org.openqa.selenium.devtools.CdpVersionFinder findNearestMatch
INFO: Unable to find CDP implementation matching 109.
ינו׳ 16, 2023 3:20:45 אחה״צ org.openqa.selenium.chromium.ChromiumDriver lambda$new$3
WARNING: Unable to find version of CDP to use for . You may need to include a dependency on a specific version of the CDP using something similar to `org.seleniumhq.selenium:selenium-devtools-v86:4.3.0` where the version ("v86") matches the version of the chromium-based browser you're using and the version number of the artifact is the same as Selenium's.
]]></system-err>
  </testcase>
</testsuite>